<?xml version='1.0' encoding='UTF-8'?>
<testsuite hostname="AAPT-PC" name="com.cloudxlab.logparsing.LogParserSpec" tests="3" errors="0" failures="0" skipped="0" time="0.061">
                     <properties>
[...]
</properties>
                     <testcase classname="com.cloudxlab.logparsing.LogParserSpec" name="extractIP should Extract IP Address" time="0.056">
                                                 
                                               </testcase><testcase classname="com.cloudxlab.logparsing.LogParserSpec" name="containsIP should Check if IP exists in the log line" time="0.003">
                                                 
                                               </testcase><testcase classname="com.cloudxlab.logparsing.LogParserSpec" name="CLASSA should Return true if class is A" time="0.002">
                                                 
                                               </testcase>
                     <system-out><![CDATA[]]></system-out>
                     <system-err><![CDATA[]]></system-err>
                   </testsuite>