<?xml version='1.0' encoding='UTF-8'?>
<testsuite hostname="AAPT-PC" name="com.cloudxlab.logparsing.SampleTest" tests="1" errors="1" failures="0" skipped="0" time="15.242">
                     <properties>
[...]
</properties>
                     <testcase classname="com.cloudxlab.logparsing.SampleTest" name="(It is not a test it is a sbt.testing.SuiteSelector)" time="15.242">
                                                 <error message="Futures timed out after [10000 milliseconds]" type="java.util.concurrent.TimeoutException">java.util.concurrent.TimeoutException: Futures timed out after [10000 milliseconds]
	at scala.concurrent.impl.Promise$DefaultPromise.ready(Promise.scala:219)
	at scala.concurrent.impl.Promise$DefaultPromise.result(Promise.scala:223)
	at scala.concurrent.Await$$anonfun$result$1.apply(package.scala:107)
	at scala.concurrent.BlockContext$DefaultBlockContext$.blockOn(BlockContext.scala:53)
	at scala.concurrent.Await$.result(package.scala:107)
	at akka.remote.Remoting.start(Remoting.scala:179)
	at akka.remote.RemoteActorRefProvider.init(RemoteActorRefProvider.scala:184)
	at akka.actor.ActorSystemImpl.liftedTree2$1(ActorSystem.scala:620)
	at akka.actor.ActorSystemImpl._start$lzycompute(ActorSystem.scala:617)
	at akka.actor.ActorSystemImpl._start(ActorSystem.scala:617)
	at akka.actor.ActorSystemImpl.start(ActorSystem.scala:634)
	at akka.actor.ActorSystem$.apply(ActorSystem.scala:142)
	at akka.actor.ActorSystem$.apply(ActorSystem.scala:119)
	at org.apache.spark.util.AkkaUtils$.org$apache$spark$util$AkkaUtils$$doCreateActorSystem(AkkaUtils.scala:121)
	at org.apache.spark.util.AkkaUtils$$anonfun$1.apply(AkkaUtils.scala:53)
	at org.apache.spark.util.AkkaUtils$$anonfun$1.apply(AkkaUtils.scala:52)
	at org.apache.spark.util.Utils$$anonfun$startServiceOnPort$1.apply$mcVI$sp(Utils.scala:1920)
	at scala.collection.immutable.Range.foreach$mVc$sp(Range.scala:141)
	at org.apache.spark.util.Utils$.startServiceOnPort(Utils.scala:1911)
	at org.apache.spark.util.AkkaUtils$.createActorSystem(AkkaUtils.scala:55)
	at org.apache.spark.rpc.akka.AkkaRpcEnvFactory.create(AkkaRpcEnv.scala:253)
	at org.apache.spark.rpc.RpcEnv$.create(RpcEnv.scala:53)
	at org.apache.spark.SparkEnv$.create(SparkEnv.scala:254)
	at org.apache.spark.SparkEnv$.createDriverEnv(SparkEnv.scala:194)
	at org.apache.spark.SparkContext.createSparkEnv(SparkContext.scala:277)
	at org.apache.spark.SparkContext.&lt;init&gt;(SparkContext.scala:450)
	at com.holdenkarau.spark.testing.SharedSparkContext$class.beforeAll(SharedSparkContext.scala:34)
	at com.cloudxlab.logparsing.SampleTest.beforeAll(spark-testing.scala:6)
	at org.scalatest.BeforeAndAfterAll$class.liftedTree1$1(BeforeAndAfterAll.scala:212)
	at org.scalatest.BeforeAndAfterAll$class.run(BeforeAndAfterAll.scala:210)
	at com.cloudxlab.logparsing.SampleTest.run(spark-testing.scala:6)
	at org.scalatest.tools.Framework.org$scalatest$tools$Framework$$runSuite(Framework.scala:314)
	at org.scalatest.tools.Framework$ScalaTestTask.execute(Framework.scala:480)
	at sbt.TestRunner.runTest$1(TestFramework.scala:106)
	at sbt.TestRunner.run(TestFramework.scala:117)
	at sbt.TestFramework$$anon$2$$anonfun$$lessinit$greater$1.$anonfun$apply$1(TestFramework.scala:262)
	at sbt.TestFramework$.sbt$TestFramework$$withContextLoader(TestFramework.scala:233)
	at sbt.TestFramework$$anon$2$$anonfun$$lessinit$greater$1.apply(TestFramework.scala:262)
	at sbt.TestFramework$$anon$2$$anonfun$$lessinit$greater$1.apply(TestFramework.scala:262)
	at sbt.TestFunction.apply(TestFramework.scala:271)
	at sbt.Tests$.$anonfun$toTask$1(Tests.scala:281)
	at sbt.std.Transform$$anon$3.$anonfun$apply$2(System.scala:46)
	at sbt.std.Transform$$anon$4.work(System.scala:66)
	at sbt.Execute.$anonfun$submit$2(Execute.scala:262)
	at sbt.internal.util.ErrorHandling$.wideConvert(ErrorHandling.scala:16)
	at sbt.Execute.work(Execute.scala:271)
	at sbt.Execute.$anonfun$submit$1(Execute.scala:262)
	at sbt.ConcurrentRestrictions$$anon$4.$anonfun$submitValid$1(ConcurrentRestrictions.scala:174)
	at sbt.CompletionService$$anon$2.call(CompletionService.scala:36)
	at java.base/java.util.concurrent.FutureTask.run(Unknown Source)
	at java.base/java.util.concurrent.Executors$RunnableAdapter.call(Unknown Source)
	at java.base/java.util.concurrent.FutureTask.run(Unknown Source)
	at java.base/java.util.concurrent.ThreadPoolExecutor.runWorker(Unknown Source)
	at java.base/java.util.concurrent.ThreadPoolExecutor$Worker.run(Unknown Source)
	at java.base/java.lang.Thread.run(Unknown Source)
</error>
                                               </testcase>
                     <system-out><![CDATA[]]></system-out>
                     <system-err><![CDATA[]]></system-err>
                   </testsuite>